# JRE version: OpenJDK Runtime Environment (8.0_112-b06) (build 1.8.0_112-release-b06)
# Java VM: OpenJDK 64-Bit Server VM (25.112-b06 mixed mode windows-amd64 compressed oops)
Heap:
 PSYoungGen      total 227840K, used 47294K [0x00000000e0000000, 0x00000000efb00000, 0x0000000100000000)
  eden space 206848K, 15% used [0x00000000e0000000,0x00000000e2024000,0x00000000eca00000)
  from space 20992K, 68% used [0x00000000ee680000,0x00000000ef48baf8,0x00000000efb00000)
  to   space 25088K, 0% used [0x00000000eca00000,0x00000000eca00000,0x00000000ee280000)
 ParOldGen       total 174592K, used 47633K [0x00000000a0000000, 0x00000000aaa80000, 0x00000000e0000000)
  object space 174592K, 27% used [0x00000000a0000000,0x00000000a2e846a0,0x00000000aaa80000)
 Metaspace       used 66936K, capacity 69720K, committed 69976K, reserved 1110016K
  class space    used 8821K, capacity 9530K, committed 9600K, reserved 1048576K
GC Heap History (10 events):
Event: 18.176 GC heap before
{Heap before GC invocations=13 (full 2):
 PSYoungGen      total 166912K, used 129250K [0x00000000e0000000, 0x00000000ecd80000, 0x0000000100000000)
  eden space 150528K, 74% used [0x00000000e0000000,0x00000000e6e3bad0,0x00000000e9300000)
  from space 16384K, 99% used [0x00000000ea900000,0x00000000eb8fcea0,0x00000000eb900000)
  to   space 22528K, 0% used [0x00000000e9300000,0x00000000e9300000,0x00000000ea900000)
 ParOldGen       total 107520K, used 33873K [0x00000000a0000000, 0x00000000a6900000, 0x00000000e0000000)
  object space 107520K, 31% used [0x00000000a0000000,0x00000000a2114620,0x00000000a6900000)
 Metaspace       used 56531K, capacity 58830K, committed 58968K, reserved 1099776K
  class space    used 7669K, capacity 8217K, committed 8320K, reserved 1048576K
Event: 18.238 GC heap after
Heap after GC invocations=13 (full 2):
 PSYoungGen      total 173056K, used 22515K [0x00000000e0000000, 0x00000000eee00000, 0x0000000100000000)
  eden space 150528K, 0% used [0x00000000e0000000,0x00000000e0000000,0x00000000e9300000)
  from space 22528K, 99% used [0x00000000e9300000,0x00000000ea8fcec0,0x00000000ea900000)
  to   space 27136K, 0% used [0x00000000ed380000,0x00000000ed380000,0x00000000eee00000)
 ParOldGen       total 107520K, used 36597K [0x00000000a0000000, 0x00000000a6900000, 0x00000000e0000000)
  object space 107520K, 34% used [0x00000000a0000000,0x00000000a23bd7c8,0x00000000a6900000)
 Metaspace       used 56531K, capacity 58830K, committed 58968K, reserved 1099776K
  class space    used 7669K, capacity 8217K, committed 8320K, reserved 1048576K
}
Event: 18.238 GC heap before
{Heap before GC invocations=14 (full 3):
 PSYoungGen      total 173056K, used 22515K [0x00000000e0000000, 0x00000000eee00000, 0x0000000100000000)
  eden space 150528K, 0% used [0x00000000e0000000,0x00000000e0000000,0x00000000e9300000)
  from space 22528K, 99% used [0x00000000e9300000,0x00000000ea8fcec0,0x00000000ea900000)
  to   space 27136K, 0% used [0x00000000ed380000,0x00000000ed380000,0x00000000eee00000)
 ParOldGen       total 107520K, used 36597K [0x00000000a0000000, 0x00000000a6900000, 0x00000000e0000000)
  object space 107520K, 34% used [0x00000000a0000000,0x00000000a23bd7c8,0x00000000a6900000)
 Metaspace       used 56531K, capacity 58830K, committed 58968K, reserved 1099776K
  class space    used 7669K, capacity 8217K, committed 8320K, reserved 1048576K
Event: 18.662 GC heap after
Heap after GC invocations=14 (full 3):
 PSYoungGen      total 173056K, used 0K [0x00000000e0000000, 0x00000000eee00000, 0x0000000100000000)
  eden space 150528K, 0% used [0x00000000e0000000,0x00000000e0000000,0x00000000e9300000)
  from space 22528K, 0% used [0x00000000e9300000,0x00000000e9300000,0x00000000ea900000)
  to   space 27136K, 0% used [0x00000000ed380000,0x00000000ed380000,0x00000000eee00000)
 ParOldGen       total 174592K, used 47597K [0x00000000a0000000, 0x00000000aaa80000, 0x00000000e0000000)
  object space 174592K, 27% used [0x00000000a0000000,0x00000000a2e7b690,0x00000000aaa80000)
 Metaspace       used 56531K, capacity 58830K, committed 58968K, reserved 1099776K
  class space    used 7669K, capacity 8217K, committed 8320K, reserved 1048576K
}
Event: 31.244 GC heap before
{Heap before GC invocations=15 (full 3):
 PSYoungGen      total 173056K, used 150528K [0x00000000e0000000, 0x00000000eee00000, 0x0000000100000000)
  eden space 150528K, 100% used [0x00000000e0000000,0x00000000e9300000,0x00000000e9300000)
  from space 22528K, 0% used [0x00000000e9300000,0x00000000e9300000,0x00000000ea900000)
  to   space 27136K, 0% used [0x00000000ed380000,0x00000000ed380000,0x00000000eee00000)
 ParOldGen       total 174592K, used 47597K [0x00000000a0000000, 0x00000000aaa80000, 0x00000000e0000000)
  object space 174592K, 27% used [0x00000000a0000000,0x00000000a2e7b690,0x00000000aaa80000)
 Metaspace       used 59795K, capacity 62426K, committed 62680K, reserved 1103872K
  class space    used 8084K, capacity 8677K, committed 8704K, reserved 1048576K
Event: 31.258 GC heap after
Heap after GC invocations=15 (full 3):
 PSYoungGen      total 196096K, used 9275K [0x00000000e0000000, 0x00000000ee300000, 0x0000000100000000)
  eden space 180224K, 0% used [0x00000000e0000000,0x00000000e0000000,0x00000000eb000000)
  from space 15872K, 58% used [0x00000000ed380000,0x00000000edc8ec38,0x00000000ee300000)
  to   space 26112K, 0% used [0x00000000eb000000,0x00000000eb000000,0x00000000ec980000)
 ParOldGen       total 174592K, used 47605K [0x00000000a0000000, 0x00000000aaa80000, 0x00000000e0000000)
  object space 174592K, 27% used [0x00000000a0000000,0x00000000a2e7d690,0x00000000aaa80000)
 Metaspace       used 59795K, capacity 62426K, committed 62680K, reserved 1103872K
  class space    used 8084K, capacity 8677K, committed 8704K, reserved 1048576K
}
Event: 37.322 GC heap before
{Heap before GC invocations=16 (full 3):
 PSYoungGen      total 196096K, used 189499K [0x00000000e0000000, 0x00000000ee300000, 0x0000000100000000)
  eden space 180224K, 100% used [0x00000000e0000000,0x00000000eb000000,0x00000000eb000000)
  from space 15872K, 58% used [0x00000000ed380000,0x00000000edc8ec38,0x00000000ee300000)
  to   space 26112K, 0% used [0x00000000eb000000,0x00000000eb000000,0x00000000ec980000)
 ParOldGen       total 174592K, used 47605K [0x00000000a0000000, 0x00000000aaa80000, 0x00000000e0000000)
  object space 174592K, 27% used [0x00000000a0000000,0x00000000a2e7d690,0x00000000aaa80000)
 Metaspace       used 60889K, capacity 63674K, committed 63704K, reserved 1103872K
  class space    used 8227K, capacity 8943K, committed 8960K, reserved 1048576K
Event: 37.336 GC heap after
Heap after GC invocations=16 (full 3):
 PSYoungGen      total 206336K, used 7415K [0x00000000e0000000, 0x00000000eff80000, 0x0000000100000000)
  eden space 180224K, 0% used [0x00000000e0000000,0x00000000e0000000,0x00000000eb000000)
  from space 26112K, 28% used [0x00000000eb000000,0x00000000eb73de70,0x00000000ec980000)
  to   space 25600K, 0% used [0x00000000ee680000,0x00000000ee680000,0x00000000eff80000)
 ParOldGen       total 174592K, used 47613K [0x00000000a0000000, 0x00000000aaa80000, 0x00000000e0000000)
  object space 174592K, 27% used [0x00000000a0000000,0x00000000a2e7f690,0x00000000aaa80000)
 Metaspace       used 60889K, capacity 63674K, committed 63704K, reserved 1103872K
  class space    used 8227K, capacity 8943K, committed 8960K, reserved 1048576K
}
Event: 47.207 GC heap before
{Heap before GC invocations=17 (full 3):
 PSYoungGen      total 206336K, used 187639K [0x00000000e0000000, 0x00000000eff80000, 0x0000000100000000)
  eden space 180224K, 100% used [0x00000000e0000000,0x00000000eb000000,0x00000000eb000000)
  from space 26112K, 28% used [0x00000000eb000000,0x00000000eb73de70,0x00000000ec980000)
  to   space 25600K, 0% used [0x00000000ee680000,0x00000000ee680000,0x00000000eff80000)
 ParOldGen       total 174592K, used 47617K [0x00000000a0000000, 0x00000000aaa80000, 0x00000000e0000000)
  object space 174592K, 27% used [0x00000000a0000000,0x00000000a2e806a0,0x00000000aaa80000)
 Metaspace       used 66923K, capacity 69714K, committed 69976K, reserved 1110016K
  class space    used 8820K, capacity 9529K, committed 9600K, reserved 1048576K
Event: 47.246 GC heap after
Heap after GC invocations=17 (full 3):
 PSYoungGen      total 227840K, used 14382K [0x00000000e0000000, 0x00000000efb00000, 0x0000000100000000)
  eden space 206848K, 0% used [0x00000000e0000000,0x00000000e0000000,0x00000000eca00000)
  from space 20992K, 68% used [0x00000000ee680000,0x00000000ef48baf8,0x00000000efb00000)
  to   space 25088K, 0% used [0x00000000eca00000,0x00000000eca00000,0x00000000ee280000)
 ParOldGen       total 174592K, used 47633K [0x00000000a0000000, 0x00000000aaa80000, 0x00000000e0000000)
  object space 174592K, 27% used [0x00000000a0000000,0x00000000a2e846a0,0x00000000aaa80000)
 Metaspace       used 66923K, capacity 69714K, committed 69976K, reserved 1110016K
  class space    used 8820K, capacity 9529K, committed 9600K, reserved 1048576K
}

