# JRE version: OpenJDK Runtime Environment (8.0_112-b06) (build 1.8.0_112-release-b06)
# Java VM: OpenJDK 64-Bit Server VM (25.112-b06 mixed mode windows-amd64 compressed oops)
Heap:
 PSYoungGen      total 223744K, used 37456K [0x00000000e0000000, 0x00000000f1680000, 0x0000000100000000)
  eden space 202752K, 8% used [0x00000000e0000000,0x00000000e1016538,0x00000000ec600000)
  from space 20992K, 99% used [0x00000000ef780000,0x00000000f0bfde58,0x00000000f0c00000)
  to   space 10752K, 0% used [0x00000000f0c00000,0x00000000f0c00000,0x00000000f1680000)
 ParOldGen       total 135680K, used 63109K [0x00000000a0000000, 0x00000000a8480000, 0x00000000e0000000)
  object space 135680K, 46% used [0x00000000a0000000,0x00000000a3da1738,0x00000000a8480000)
 Metaspace       used 66749K, capacity 70040K, committed 70272K, reserved 1110016K
  class space    used 8717K, capacity 9509K, committed 9600K, reserved 1048576K
GC Heap History (10 events):
Event: 26.704 GC heap before
{Heap before GC invocations=16 (full 3):
 PSYoungGen      total 187904K, used 7754K [0x00000000e0000000, 0x00000000f0300000, 0x0000000100000000)
  eden space 168960K, 0% used [0x00000000e0000000,0x00000000e0000000,0x00000000ea500000)
  from space 18944K, 40% used [0x00000000ea500000,0x00000000eac92a00,0x00000000eb780000)
  to   space 18432K, 0% used [0x00000000ef100000,0x00000000ef100000,0x00000000f0300000)
 ParOldGen       total 80384K, used 45332K [0x00000000a0000000, 0x00000000a4e80000, 0x00000000e0000000)
  object space 80384K, 56% used [0x00000000a0000000,0x00000000a2c451f8,0x00000000a4e80000)
 Metaspace       used 56502K, capacity 58876K, committed 59008K, reserved 1099776K
  class space    used 7657K, capacity 8218K, committed 8320K, reserved 1048576K
Event: 27.043 GC heap after
Heap after GC invocations=16 (full 3):
 PSYoungGen      total 187904K, used 0K [0x00000000e0000000, 0x00000000f0300000, 0x0000000100000000)
  eden space 168960K, 0% used [0x00000000e0000000,0x00000000e0000000,0x00000000ea500000)
  from space 18944K, 0% used [0x00000000ea500000,0x00000000ea500000,0x00000000eb780000)
  to   space 18432K, 0% used [0x00000000ef100000,0x00000000ef100000,0x00000000f0300000)
 ParOldGen       total 135680K, used 45523K [0x00000000a0000000, 0x00000000a8480000, 0x00000000e0000000)
  object space 135680K, 33% used [0x00000000a0000000,0x00000000a2c74f40,0x00000000a8480000)
 Metaspace       used 56502K, capacity 58876K, committed 59008K, reserved 1099776K
  class space    used 7657K, capacity 8218K, committed 8320K, reserved 1048576K
}
Event: 1636.338 GC heap before
{Heap before GC invocations=17 (full 3):
 PSYoungGen      total 187904K, used 168960K [0x00000000e0000000, 0x00000000f0300000, 0x0000000100000000)
  eden space 168960K, 100% used [0x00000000e0000000,0x00000000ea500000,0x00000000ea500000)
  from space 18944K, 0% used [0x00000000ea500000,0x00000000ea500000,0x00000000eb780000)
  to   space 18432K, 0% used [0x00000000ef100000,0x00000000ef100000,0x00000000f0300000)
 ParOldGen       total 135680K, used 45523K [0x00000000a0000000, 0x00000000a8480000, 0x00000000e0000000)
  object space 135680K, 33% used [0x00000000a0000000,0x00000000a2c74f40,0x00000000a8480000)
 Metaspace       used 61294K, capacity 63984K, committed 64256K, reserved 1103872K
  class space    used 8255K, capacity 8919K, committed 8960K, reserved 1048576K
Event: 1636.363 GC heap after
Heap after GC invocations=17 (full 3):
 PSYoungGen      total 220672K, used 6785K [0x00000000e0000000, 0x00000000ef800000, 0x0000000100000000)
  eden space 213504K, 0% used [0x00000000e0000000,0x00000000e0000000,0x00000000ed080000)
  from space 7168K, 94% used [0x00000000ef100000,0x00000000ef7a0430,0x00000000ef800000)
  to   space 17920K, 0% used [0x00000000ed500000,0x00000000ed500000,0x00000000ee680000)
 ParOldGen       total 135680K, used 45531K [0x00000000a0000000, 0x00000000a8480000, 0x00000000e0000000)
  object space 135680K, 33% used [0x00000000a0000000,0x00000000a2c76f40,0x00000000a8480000)
 Metaspace       used 61294K, capacity 63984K, committed 64256K, reserved 1103872K
  class space    used 8255K, capacity 8919K, committed 8960K, reserved 1048576K
}
Event: 1652.958 GC heap before
{Heap before GC invocations=18 (full 3):
 PSYoungGen      total 220672K, used 220289K [0x00000000e0000000, 0x00000000ef800000, 0x0000000100000000)
  eden space 213504K, 100% used [0x00000000e0000000,0x00000000ed080000,0x00000000ed080000)
  from space 7168K, 94% used [0x00000000ef100000,0x00000000ef7a0430,0x00000000ef800000)
  to   space 17920K, 0% used [0x00000000ed500000,0x00000000ed500000,0x00000000ee680000)
 ParOldGen       total 135680K, used 45531K [0x00000000a0000000, 0x00000000a8480000, 0x00000000e0000000)
  object space 135680K, 33% used [0x00000000a0000000,0x00000000a2c76f40,0x00000000a8480000)
 Metaspace       used 65539K, capacity 68560K, committed 68864K, reserved 1107968K
  class space    used 8643K, capacity 9407K, committed 9472K, reserved 1048576K
Event: 1653.005 GC heap after
Heap after GC invocations=18 (full 3):
 PSYoungGen      total 236032K, used 17891K [0x00000000e0000000, 0x00000000f2b80000, 0x0000000100000000)
  eden space 218112K, 0% used [0x00000000e0000000,0x00000000e0000000,0x00000000ed500000)
  from space 17920K, 99% used [0x00000000ed500000,0x00000000ee678ec0,0x00000000ee680000)
  to   space 22016K, 0% used [0x00000000f1600000,0x00000000f1600000,0x00000000f2b80000)
 ParOldGen       total 135680K, used 50727K [0x00000000a0000000, 0x00000000a8480000, 0x00000000e0000000)
  object space 135680K, 37% used [0x00000000a0000000,0x00000000a3189c40,0x00000000a8480000)
 Metaspace       used 65539K, capacity 68560K, committed 68864K, reserved 1107968K
  class space    used 8643K, capacity 9407K, committed 9472K, reserved 1048576K
}
Event: 1661.050 GC heap before
{Heap before GC invocations=19 (full 3):
 PSYoungGen      total 236032K, used 236003K [0x00000000e0000000, 0x00000000f2b80000, 0x0000000100000000)
  eden space 218112K, 100% used [0x00000000e0000000,0x00000000ed500000,0x00000000ed500000)
  from space 17920K, 99% used [0x00000000ed500000,0x00000000ee678ec0,0x00000000ee680000)
  to   space 22016K, 0% used [0x00000000f1600000,0x00000000f1600000,0x00000000f2b80000)
 ParOldGen       total 135680K, used 50727K [0x00000000a0000000, 0x00000000a8480000, 0x00000000e0000000)
  object space 135680K, 37% used [0x00000000a0000000,0x00000000a3189c40,0x00000000a8480000)
 Metaspace       used 66573K, capacity 69722K, committed 69888K, reserved 1110016K
  class space    used 8705K, capacity 9468K, committed 9472K, reserved 1048576K
Event: 1661.084 GC heap after
Heap after GC invocations=19 (full 3):
 PSYoungGen      total 221184K, used 10649K [0x00000000e0000000, 0x00000000f2080000, 0x0000000100000000)
  eden space 210432K, 0% used [0x00000000e0000000,0x00000000e0000000,0x00000000ecd80000)
  from space 10752K, 99% used [0x00000000f1600000,0x00000000f2066450,0x00000000f2080000)
  to   space 20992K, 0% used [0x00000000ef780000,0x00000000ef780000,0x00000000f0c00000)
 ParOldGen       total 135680K, used 62401K [0x00000000a0000000, 0x00000000a8480000, 0x00000000e0000000)
  object space 135680K, 45% used [0x00000000a0000000,0x00000000a3cf05f8,0x00000000a8480000)
 Metaspace       used 66573K, capacity 69722K, committed 69888K, reserved 1110016K
  class space    used 8705K, capacity 9468K, committed 9472K, reserved 1048576K
}
Event: 4250.643 GC heap before
{Heap before GC invocations=20 (full 3):
 PSYoungGen      total 221184K, used 221081K [0x00000000e0000000, 0x00000000f2080000, 0x0000000100000000)
  eden space 210432K, 100% used [0x00000000e0000000,0x00000000ecd80000,0x00000000ecd80000)
  from space 10752K, 99% used [0x00000000f1600000,0x00000000f2066450,0x00000000f2080000)
  to   space 20992K, 0% used [0x00000000ef780000,0x00000000ef780000,0x00000000f0c00000)
 ParOldGen       total 135680K, used 62401K [0x00000000a0000000, 0x00000000a8480000, 0x00000000e0000000)
  object space 135680K, 45% used [0x00000000a0000000,0x00000000a3cf05f8,0x00000000a8480000)
 Metaspace       used 66714K, capacity 69976K, committed 70272K, reserved 1110016K
  class space    used 8717K, capacity 9509K, committed 9600K, reserved 1048576K
Event: 4250.673 GC heap after
Heap after GC invocations=20 (full 3):
 PSYoungGen      total 223744K, used 20983K [0x00000000e0000000, 0x00000000f1680000, 0x0000000100000000)
  eden space 202752K, 0% used [0x00000000e0000000,0x00000000e0000000,0x00000000ec600000)
  from space 20992K, 99% used [0x00000000ef780000,0x00000000f0bfde58,0x00000000f0c00000)
  to   space 10752K, 0% used [0x00000000f0c00000,0x00000000f0c00000,0x00000000f1680000)
 ParOldGen       total 135680K, used 63109K [0x00000000a0000000, 0x00000000a8480000, 0x00000000e0000000)
  object space 135680K, 46% used [0x00000000a0000000,0x00000000a3da1738,0x00000000a8480000)
 Metaspace       used 66714K, capacity 69976K, committed 70272K, reserved 1110016K
  class space    used 8717K, capacity 9509K, committed 9600K, reserved 1048576K
}

